  Zadanie1_Szablony.cpp
C:\Users\anian\source\kursSDA\ZaawansowanyCPP\ZaawansowanyCPP\Zadanie1_Szablony\Zadanie1_Szablony.cpp(55,5): error C3878: syntax error: unexpected token 'else' following 'statement_seq'
C:\Users\anian\source\kursSDA\ZaawansowanyCPP\ZaawansowanyCPP\Zadanie1_Szablony\Zadanie1_Szablony.cpp(55,5): message : missing one of:  '}' ?
C:\Users\anian\source\kursSDA\ZaawansowanyCPP\ZaawansowanyCPP\Zadanie1_Szablony\Zadanie1_Szablony.cpp(55,5): message : error recovery skipped: 'else return identifier  . . . ;'
C:\Users\anian\source\kursSDA\ZaawansowanyCPP\ZaawansowanyCPP\Zadanie1_Szablony\Zadanie1_Szablony.cpp(77,13): error C2131: expression did not evaluate to a constant
C:\Users\anian\source\kursSDA\ZaawansowanyCPP\ZaawansowanyCPP\Zadanie1_Szablony\Zadanie1_Szablony.cpp(77,13): message : failure was caused by a read of a variable outside its lifetime
C:\Users\anian\source\kursSDA\ZaawansowanyCPP\ZaawansowanyCPP\Zadanie1_Szablony\Zadanie1_Szablony.cpp(77,13): message : see usage of 'size'
C:\Users\anian\source\kursSDA\ZaawansowanyCPP\ZaawansowanyCPP\Zadanie1_Szablony\Zadanie1_Szablony.cpp(78,55): error C2672: 'max': no matching overloaded function found
C:\Users\anian\source\kursSDA\ZaawansowanyCPP\ZaawansowanyCPP\Zadanie1_Szablony\Zadanie1_Szablony.cpp(78,68): error C2780: 'T max(T *,const unsigned int)': expects 2 arguments - 1 provided
C:\Users\anian\source\kursSDA\ZaawansowanyCPP\ZaawansowanyCPP\Zadanie1_Szablony\Zadanie1_Szablony.cpp(48): message : see declaration of 'max'
C:\Users\anian\source\kursSDA\ZaawansowanyCPP\ZaawansowanyCPP\Zadanie1_Szablony\Zadanie1_Szablony.cpp(78,68): error C2780: 'T *max(T *,T *)': expects 2 arguments - 1 provided
C:\Users\anian\source\kursSDA\ZaawansowanyCPP\ZaawansowanyCPP\Zadanie1_Szablony\Zadanie1_Szablony.cpp(28): message : see declaration of 'max'
C:\Users\anian\source\kursSDA\ZaawansowanyCPP\ZaawansowanyCPP\Zadanie1_Szablony\Zadanie1_Szablony.cpp(78,68): error C2780: 'T max(T,T)': expects 2 arguments - 1 provided
C:\Users\anian\source\kursSDA\ZaawansowanyCPP\ZaawansowanyCPP\Zadanie1_Szablony\Zadanie1_Szablony.cpp(13): message : see declaration of 'max'
